97 58
27 0
99 10
0 22
93 76
10 31
77 23
36 49
42 74
9 85
98 64
90 43
73 56
7 62
8 54
5 43
10 54
8 9
94 43
7 80
18 63
95 85
15 20
86 23
86 19
63 72
45 67
58 91
49 77
99 45
32 61
75 4
40 11
6 98
20 13
22 57
69 92
87 83
72 42
36 89
95 12
14 29
31 53
96 90
62 57
84 60
80 71
2 16
54 67
54 63
75 92
38 97
26 95
70 90
60 72
67 20
95 28
50 11
17 52
19 3
96 65
66 73
65 12
14 40
35 82
82 33
59 80
1 80
17 40
20 66
30 79
45 48
37 71
19 58
94 11
1 84
92 6
14 34
81 45
30 86
47 73
54 49
4 35
76 2
74 32
69 41
21 13
81 64
73 87
90 42
39 31
79 73
67 63
89 3
81 37
37 76
48 62
72 59
66 46
38 80
